<?xml version="1.0" encoding="UTF-8"?>
<!-- Generated by org.testng.reporters.JUnitReportReporter -->
<testsuite hostname="DESKTOP-ADVM252" failures="0" tests="1" name="withBDD.CreateResource" time="2.722" errors="0" timestamp="2021-12-11T12:32:29 IST" skipped="0">
  <testcase classname="withBDD.CreateResource" name="create" time="2.722"/>
  <system-out/>
</testsuite> <!-- withBDD.CreateResource -->
