<?xml version="1.0" encoding="UTF-8"?>
<!-- Generated by org.testng.reporters.JUnitReportReporter -->
<testsuite hostname="DESKTOP-ADVM252" failures="0" tests="1" name="withBDD.deleteResources" time="2.312" errors="0" timestamp="2021-12-11T12:48:08 IST" skipped="0">
  <testcase classname="withBDD.deleteResources" name="deleteResourse" time="2.312"/>
  <system-out/>
</testsuite> <!-- withBDD.deleteResources -->
