<?xml version="1.0" encoding="UTF-8"?>
<!-- Generated by org.testng.reporters.JUnitReportReporter -->
<testsuite hostname="DESKTOP-ADVM252" failures="0" tests="1" name="crudWithBdd.createResource2" time="1.972" errors="0" timestamp="2021-12-15T21:10:01 IST" skipped="0">
  <testcase classname="crudWithBdd.createResource2" name="createResource" time="1.972"/>
  <system-out/>
</testsuite> <!-- crudWithBdd.createResource2 -->
