<?xml version="1.0" encoding="UTF-8"?>
<!-- Generated by org.testng.reporters.JUnitReportReporter -->
<testsuite hostname="DESKTOP-ADVM252" failures="0" tests="1" name="chaining.getAndPut" time="2.514" errors="0" timestamp="2021-12-15T22:30:18 IST" skipped="0">
  <testcase classname="chaining.getAndPut" name="chaining" time="2.514"/>
  <system-out/>
</testsuite> <!-- chaining.getAndPut -->
