<?xml version="1.0" encoding="UTF-8"?>
<!-- Generated by org.testng.reporters.JUnitReportReporter -->
<testsuite hostname="DESKTOP-ADVM252" failures="0" tests="1" name="withBDD.updateResource" time="2.555" errors="0" timestamp="2021-12-11T12:59:23 IST" skipped="0">
  <testcase classname="withBDD.updateResource" name="completeupdate" time="2.555"/>
  <system-out/>
</testsuite> <!-- withBDD.updateResource -->
