<?xml version="1.0" encoding="UTF-8"?>
<!-- Generated by org.testng.reporters.JUnitReportReporter -->
<testsuite hostname="DESKTOP-ADVM252" failures="0" tests="1" name="crudWithBdd.createResource" time="3.686" errors="0" timestamp="2021-12-09T11:41:40 IST" skipped="0">
  <testcase classname="crudWithBdd.createResource" name="getAll" time="3.686"/>
  <system-out/>
</testsuite> <!-- crudWithBdd.createResource -->
