<?xml version="1.0" encoding="UTF-8"?>
<!-- Generated by org.testng.reporters.JUnitReportReporter -->
<testsuite hostname="DESKTOP-ADVM252" failures="0" tests="1" name="diffWaysToPostRequest.ByPojoClass" time="2.366" errors="0" timestamp="2021-12-11T11:07:17 IST" skipped="0">
  <testcase classname="diffWaysToPostRequest.ByPojoClass" name="create" time="2.366"/>
  <system-out/>
</testsuite> <!-- diffWaysToPostRequest.ByPojoClass -->
