<?xml version="1.0" encoding="UTF-8"?>
<!-- Generated by org.testng.reporters.JUnitReportReporter -->
<testsuite hostname="DESKTOP-ADVM252" failures="0" tests="1" name="crm_restAssured.CreateResource" time="2.498" errors="0" timestamp="2021-12-09T10:56:50 IST" skipped="0">
  <testcase classname="crm_restAssured.CreateResource" name="create" time="2.498"/>
  <system-out/>
</testsuite> <!-- crm_restAssured.CreateResource -->
