<?xml version="1.0" encoding="UTF-8"?>
<!-- Generated by org.testng.reporters.JUnitReportReporter -->
<testsuite hostname="DESKTOP-ADVM252" failures="0" tests="1" name="Staticvalidations.validateResponse" time="2.072" errors="0" timestamp="2021-12-12T15:20:01 IST" skipped="0">
  <testcase classname="Staticvalidations.validateResponse" name="validation" time="2.072"/>
  <system-out/>
</testsuite> <!-- Staticvalidations.validateResponse -->
