<?xml version="1.0" encoding="UTF-8"?>
<!-- Generated by org.testng.reporters.JUnitReportReporter -->
<testsuite hostname="DESKTOP-ADVM252" failures="0" tests="1" name="crudWithBdd.getAll" time="1.749" errors="0" timestamp="2021-12-15T21:03:28 IST" skipped="0">
  <testcase classname="crudWithBdd.getAll" name="getAll" time="1.749"/>
  <system-out/>
</testsuite> <!-- crudWithBdd.getAll -->
